<?xml version="1.0" encoding="UTF-8"?>
<testsuite xmlns:xsi="http://www.w3.org/2001/XMLSchema-instance" xsi:noNamespaceSchemaLocation="https://maven.apache.org/surefire/maven-surefire-plugin/xsd/surefire-test-report.xsd" version="3.0.2" name="runner.TestRunner" time="37.488" tests="1" errors="0" skipped="0" failures="0">
  <properties>
[...]
</properties>
  <testcase name="Login with valid credentials" classname="Log In" time="36.855">
    <system-out><![CDATA[
@login
Scenario: Login with valid credentials                     &amp#27;[90m# src/test/java/feature/login.feature:12&amp#27;[0m
  &amp#27;[32mGiven &amp#27;[0m&amp#27;[32mStudent is on the Enthrall IT Homepage URL&amp#27;[0m         &amp#27;[90m# stepDefination.LoginStepsDefination.student_is_on_the_enthrall_it_homepage_url()&amp#27;[0m
  &amp#27;[32mWhen &amp#27;[0m&amp#27;[32mStudent click Login Button from the header&amp#27;[0m          &amp#27;[90m# stepDefination.LoginStepsDefination.student_click_login_button_from_the_header()&amp#27;[0m
  &amp#27;[32mThen &amp#27;[0m&amp#27;[32mStudent will navigate to login page&amp#27;[0m                 &amp#27;[90m# stepDefination.LoginStepsDefination.student_will_navigate_to_login_page()&amp#27;[0m
  &amp#27;[32mWhen &amp#27;[0m&amp#27;[32mStudent enter Email in the Email field&amp#27;[0m              &amp#27;[90m# stepDefination.LoginStepsDefination.student_enter_email_in_the_email_field()&amp#27;[0m
  &amp#27;[32mAnd &amp#27;[0m&amp#27;[32mStudent enter Password in the Password field&amp#27;[0m         &amp#27;[90m# stepDefination.LoginStepsDefination.student_enter_password_in_the_password_field()&amp#27;[0m
  &amp#27;[32mAnd &amp#27;[0m&amp#27;[32mStudent finally click on Login Button&amp#27;[0m                &amp#27;[90m# stepDefination.LoginStepsDefination.student_finally_click_on_login_button()&amp#27;[0m
  &amp#27;[32mThen &amp#27;[0m&amp#27;[32mStudent will  be navigate to  the student dashboard&amp#27;[0m &amp#27;[90m# stepDefination.LoginStepsDefination.student_will_be_navigate_to_the_student_dashboard()&amp#27;[0m
]]></system-out>
    <system-err><![CDATA[Feb 18, 2025 8:28:45 PM org.openqa.selenium.devtools.CdpVersionFinder findNearestMatch
WARNING: Unable to find an exact match for CDP version 133, returning the closest version; found: 132; Please update to a Selenium version that supports CDP version 133
[main] INFO common.CommonActions - [[EdgeDriver: MicrosoftEdge on mac (a92951f05b03d2dcca8e79d0ee683663)] -> xpath: //a[@id='logo-id']]<---------> is Displayed, true
[main] INFO common.CommonActions - Actual Title is : Enthrall IT ---> And Expected Title is :Enthrall IT
[main] INFO common.CommonActions - Sleeping ... zZz 2000
[main] INFO common.CommonActions - [[EdgeDriver: MicrosoftEdge on mac (a92951f05b03d2dcca8e79d0ee683663)] -> xpath: //a[@id='login-link']]<---------> has been clicked
[main] INFO common.CommonActions - Sleeping ... zZz 1000
[main] INFO common.CommonActions - [[EdgeDriver: MicrosoftEdge on mac (a92951f05b03d2dcca8e79d0ee683663)] -> xpath: //a[@id='login-link']] ---> Actual text : Login. Expected text : Login into your account
[main] INFO common.CommonActions - Current URL : https://enthrallit.com/accounts/login/, Expected URL : https://enthrallit.com/accounts/login/
[main] INFO common.CommonActions - Sleeping ... zZz 2000
[main] INFO common.CommonActions - [[EdgeDriver: MicrosoftEdge on mac (a92951f05b03d2dcca8e79d0ee683663)] -> xpath: //a[@id='login-link']] ---> Actual text : Login. Expected text : Login into your account
[main] INFO common.CommonActions - [[EdgeDriver: MicrosoftEdge on mac (a92951f05b03d2dcca8e79d0ee683663)] -> xpath: //input[@name='username']]<---------> is Displayed, true
[main] INFO common.CommonActions - rubuait525@gmail.com <-----> has been put into <-----> [[EdgeDriver: MicrosoftEdge on mac (a92951f05b03d2dcca8e79d0ee683663)] -> xpath: //input[@name='username']]
[main] INFO common.CommonActions - Sleeping ... zZz 1000
[main] INFO common.CommonActions - [[EdgeDriver: MicrosoftEdge on mac (a92951f05b03d2dcca8e79d0ee683663)] -> xpath: //input[@name='password']]<---------> is Displayed, true
[main] INFO common.CommonActions - Password$1 <-----> has been put into <-----> [[EdgeDriver: MicrosoftEdge on mac (a92951f05b03d2dcca8e79d0ee683663)] -> xpath: //input[@name='password']]
[main] INFO common.CommonActions - [[EdgeDriver: MicrosoftEdge on mac (a92951f05b03d2dcca8e79d0ee683663)] -> xpath: //button[@id='login']]<---------> is Enabled, true
[main] INFO common.CommonActions - Proxy element for: DefaultElementLocator 'By.xpath: //button[@id='login']'<---------> has been clicked
[main] INFO common.CommonActions - Sleeping ... zZz 2000
[main] INFO common.CommonActions - Actual Title is : Enthrall IT - Dashboard ---> And Expected Title is :Enthrall IT - Dashboard
[main] INFO common.CommonActions - Current URL : https://enthrallit.com/dashboard/, Expected URL : https://enthrallit.com/dashboard/
]]></system-err>
  </testcase>
</testsuite>