<?xml version="1.0" encoding="UTF-8"?>
<testsuite xmlns:xsi="http://www.w3.org/2001/XMLSchema-instance" xsi:noNamespaceSchemaLocation="https://maven.apache.org/surefire/maven-surefire-plugin/xsd/surefire-test-report.xsd" version="3.0.2" name="runner.TestRunner" time="0.781" tests="6" errors="0" skipped="0" failures="0">
  <properties>
[...]
</properties>
  <testcase name="Login with valid credentials" classname="Log In" time="0.081">
    <system-out><![CDATA[
@login @regression
Scenario: Login with valid credentials                     &amp#27;[90m# src/test/java/feature/login.feature:13&amp#27;[0m
  &amp#27;[32mGiven &amp#27;[0m&amp#27;[32mStudent is on the Enthrall IT Homepage URL&amp#27;[0m         &amp#27;[90m# stepDefination.LoginStepsDefination.student_is_on_the_enthrall_it_homepage_url()&amp#27;[0m
  &amp#27;[32mWhen &amp#27;[0m&amp#27;[32mStudent click Login Button from the header&amp#27;[0m          &amp#27;[90m# stepDefination.LoginStepsDefination.student_click_login_button_from_the_header()&amp#27;[0m
  &amp#27;[32mThen &amp#27;[0m&amp#27;[32mStudent will navigate to login page&amp#27;[0m                 &amp#27;[90m# stepDefination.LoginStepsDefination.student_will_navigate_to_login_page()&amp#27;[0m
  &amp#27;[32mWhen &amp#27;[0m&amp#27;[32mStudent enter Email in the Email field&amp#27;[0m              &amp#27;[90m# stepDefination.LoginStepsDefination.student_enter_email_in_the_email_field()&amp#27;[0m
  &amp#27;[32mAnd &amp#27;[0m&amp#27;[32mStudent enter Password in the Password field&amp#27;[0m         &amp#27;[90m# stepDefination.LoginStepsDefination.student_enter_password_in_the_password_field()&amp#27;[0m
  &amp#27;[32mAnd &amp#27;[0m&amp#27;[32mStudent finally click on Login Button&amp#27;[0m                &amp#27;[90m# stepDefination.LoginStepsDefination.student_finally_click_on_login_button()&amp#27;[0m
  &amp#27;[32mThen &amp#27;[0m&amp#27;[32mStudent will  be navigate to  the student dashboard&amp#27;[0m &amp#27;[90m# stepDefination.LoginStepsDefination.student_will_be_navigate_to_the_student_dashboard()&amp#27;[0m
]]></system-out>
  </testcase>
  <testcase name="Login with fixed valid credentials" classname="Log In" time="0.007">
    <system-out><![CDATA[
@login @sanity
Scenario: Login with fixed valid credentials               &amp#27;[90m# src/test/java/feature/login.feature:22&amp#27;[0m
  &amp#27;[32mGiven &amp#27;[0m&amp#27;[32mStudent is on the Enthrall IT Homepage URL&amp#27;[0m         &amp#27;[90m# stepDefination.LoginStepsDefination.student_is_on_the_enthrall_it_homepage_url()&amp#27;[0m
  &amp#27;[32mWhen &amp#27;[0m&amp#27;[32mStudent click Login Button from the header&amp#27;[0m          &amp#27;[90m# stepDefination.LoginStepsDefination.student_click_login_button_from_the_header()&amp#27;[0m
  &amp#27;[32mThen &amp#27;[0m&amp#27;[32mStudent will navigate to login page&amp#27;[0m                 &amp#27;[90m# stepDefination.LoginStepsDefination.student_will_navigate_to_login_page()&amp#27;[0m
  &amp#27;[32mWhen &amp#27;[0m&amp#27;[32mStudent enter UserId as &amp#27;[0m&amp#27;[32m&amp#27;[1m'rubuait525@gmail.com'&amp#27;[0m      &amp#27;[90m# stepDefination.LoginStepsDefination.student_enter_user_id_as(java.lang.String)&amp#27;[0m
  &amp#27;[32mAnd &amp#27;[0m&amp#27;[32mStudent enter Password as &amp#27;[0m&amp#27;[32m&amp#27;[1m'Password$1'&amp#27;[0m               &amp#27;[90m# stepDefination.LoginStepsDefination.student_enter_password_as(java.lang.String)&amp#27;[0m
  &amp#27;[32mAnd &amp#27;[0m&amp#27;[32mStudent finally click on Login Button&amp#27;[0m                &amp#27;[90m# stepDefination.LoginStepsDefination.student_finally_click_on_login_button()&amp#27;[0m
  &amp#27;[32mThen &amp#27;[0m&amp#27;[32mStudent will  be navigate to  the student dashboard&amp#27;[0m &amp#27;[90m# stepDefination.LoginStepsDefination.student_will_be_navigate_to_the_student_dashboard()&amp#27;[0m
]]></system-out>
  </testcase>
  <testcase name="Login with sets of valid credentials #1" classname="Log In" time="0.008">
    <system-out><![CDATA[
@login @smoke
Scenario Outline: Login with sets of valid credentials     &amp#27;[90m# src/test/java/feature/login.feature:41&amp#27;[0m
  &amp#27;[32mGiven &amp#27;[0m&amp#27;[32mStudent is on the Enthrall IT Homepage URL&amp#27;[0m         &amp#27;[90m# stepDefination.LoginStepsDefination.student_is_on_the_enthrall_it_homepage_url()&amp#27;[0m
  &amp#27;[32mWhen &amp#27;[0m&amp#27;[32mStudent click Login Button from the header&amp#27;[0m          &amp#27;[90m# stepDefination.LoginStepsDefination.student_click_login_button_from_the_header()&amp#27;[0m
  &amp#27;[32mThen &amp#27;[0m&amp#27;[32mStudent will navigate to login page&amp#27;[0m                 &amp#27;[90m# stepDefination.LoginStepsDefination.student_will_navigate_to_login_page()&amp#27;[0m
  &amp#27;[32mWhen &amp#27;[0m&amp#27;[32mStudent enter UserId as &amp#27;[0m&amp#27;[32m&amp#27;[1m'mizimuktar0@gmail.com'&amp#27;[0m     &amp#27;[90m# stepDefination.LoginStepsDefination.student_enter_user_id_as(java.lang.String)&amp#27;[0m
  &amp#27;[32mAnd &amp#27;[0m&amp#27;[32mStudent enter Password as &amp#27;[0m&amp#27;[32m&amp#27;[1m'password$1'&amp#27;[0m               &amp#27;[90m# stepDefination.LoginStepsDefination.student_enter_password_as(java.lang.String)&amp#27;[0m
  &amp#27;[32mAnd &amp#27;[0m&amp#27;[32mStudent finally click on Login Button&amp#27;[0m                &amp#27;[90m# stepDefination.LoginStepsDefination.student_finally_click_on_login_button()&amp#27;[0m
  &amp#27;[32mThen &amp#27;[0m&amp#27;[32mStudent will  be navigate to  the student dashboard&amp#27;[0m &amp#27;[90m# stepDefination.LoginStepsDefination.student_will_be_navigate_to_the_student_dashboard()&amp#27;[0m
]]></system-out>
  </testcase>
  <testcase name="Login with sets of valid credentials #2" classname="Log In" time="0.009">
    <system-out><![CDATA[
@login @smoke
Scenario Outline: Login with sets of valid credentials     &amp#27;[90m# src/test/java/feature/login.feature:42&amp#27;[0m
  &amp#27;[32mGiven &amp#27;[0m&amp#27;[32mStudent is on the Enthrall IT Homepage URL&amp#27;[0m         &amp#27;[90m# stepDefination.LoginStepsDefination.student_is_on_the_enthrall_it_homepage_url()&amp#27;[0m
  &amp#27;[32mWhen &amp#27;[0m&amp#27;[32mStudent click Login Button from the header&amp#27;[0m          &amp#27;[90m# stepDefination.LoginStepsDefination.student_click_login_button_from_the_header()&amp#27;[0m
  &amp#27;[32mThen &amp#27;[0m&amp#27;[32mStudent will navigate to login page&amp#27;[0m                 &amp#27;[90m# stepDefination.LoginStepsDefination.student_will_navigate_to_login_page()&amp#27;[0m
  &amp#27;[32mWhen &amp#27;[0m&amp#27;[32mStudent enter UserId as &amp#27;[0m&amp#27;[32m&amp#27;[1m'ayshasiddqua26@gmail.com'&amp#27;[0m  &amp#27;[90m# stepDefination.LoginStepsDefination.student_enter_user_id_as(java.lang.String)&amp#27;[0m
  &amp#27;[32mAnd &amp#27;[0m&amp#27;[32mStudent enter Password as &amp#27;[0m&amp#27;[32m&amp#27;[1m'Faizan2026#'&amp#27;[0m              &amp#27;[90m# stepDefination.LoginStepsDefination.student_enter_password_as(java.lang.String)&amp#27;[0m
  &amp#27;[32mAnd &amp#27;[0m&amp#27;[32mStudent finally click on Login Button&amp#27;[0m                &amp#27;[90m# stepDefination.LoginStepsDefination.student_finally_click_on_login_button()&amp#27;[0m
  &amp#27;[32mThen &amp#27;[0m&amp#27;[32mStudent will  be navigate to  the student dashboard&amp#27;[0m &amp#27;[90m# stepDefination.LoginStepsDefination.student_will_be_navigate_to_the_student_dashboard()&amp#27;[0m
]]></system-out>
  </testcase>
  <testcase name="Login with sets of valid credentials #3" classname="Log In" time="0.007">
    <system-out><![CDATA[
@login @smoke
Scenario Outline: Login with sets of valid credentials     &amp#27;[90m# src/test/java/feature/login.feature:43&amp#27;[0m
  &amp#27;[32mGiven &amp#27;[0m&amp#27;[32mStudent is on the Enthrall IT Homepage URL&amp#27;[0m         &amp#27;[90m# stepDefination.LoginStepsDefination.student_is_on_the_enthrall_it_homepage_url()&amp#27;[0m
  &amp#27;[32mWhen &amp#27;[0m&amp#27;[32mStudent click Login Button from the header&amp#27;[0m          &amp#27;[90m# stepDefination.LoginStepsDefination.student_click_login_button_from_the_header()&amp#27;[0m
  &amp#27;[32mThen &amp#27;[0m&amp#27;[32mStudent will navigate to login page&amp#27;[0m                 &amp#27;[90m# stepDefination.LoginStepsDefination.student_will_navigate_to_login_page()&amp#27;[0m
  &amp#27;[32mWhen &amp#27;[0m&amp#27;[32mStudent enter UserId as &amp#27;[0m&amp#27;[32m&amp#27;[1m'mariabegum2121'&amp#27;[0m            &amp#27;[90m# stepDefination.LoginStepsDefination.student_enter_user_id_as(java.lang.String)&amp#27;[0m
  &amp#27;[32mAnd &amp#27;[0m&amp#27;[32mStudent enter Password as &amp#27;[0m&amp#27;[32m&amp#27;[1m'saimun388556Bd@'&amp#27;[0m          &amp#27;[90m# stepDefination.LoginStepsDefination.student_enter_password_as(java.lang.String)&amp#27;[0m
  &amp#27;[32mAnd &amp#27;[0m&amp#27;[32mStudent finally click on Login Button&amp#27;[0m                &amp#27;[90m# stepDefination.LoginStepsDefination.student_finally_click_on_login_button()&amp#27;[0m
  &amp#27;[32mThen &amp#27;[0m&amp#27;[32mStudent will  be navigate to  the student dashboard&amp#27;[0m &amp#27;[90m# stepDefination.LoginStepsDefination.student_will_be_navigate_to_the_student_dashboard()&amp#27;[0m
]]></system-out>
  </testcase>
  <testcase name="Login with sets of valid credentials #4" classname="Log In" time="0.01">
    <system-out><![CDATA[
@login @smoke
Scenario Outline: Login with sets of valid credentials     &amp#27;[90m# src/test/java/feature/login.feature:44&amp#27;[0m
  &amp#27;[32mGiven &amp#27;[0m&amp#27;[32mStudent is on the Enthrall IT Homepage URL&amp#27;[0m         &amp#27;[90m# stepDefination.LoginStepsDefination.student_is_on_the_enthrall_it_homepage_url()&amp#27;[0m
  &amp#27;[32mWhen &amp#27;[0m&amp#27;[32mStudent click Login Button from the header&amp#27;[0m          &amp#27;[90m# stepDefination.LoginStepsDefination.student_click_login_button_from_the_header()&amp#27;[0m
  &amp#27;[32mThen &amp#27;[0m&amp#27;[32mStudent will navigate to login page&amp#27;[0m                 &amp#27;[90m# stepDefination.LoginStepsDefination.student_will_navigate_to_login_page()&amp#27;[0m
  &amp#27;[32mWhen &amp#27;[0m&amp#27;[32mStudent enter UserId as &amp#27;[0m&amp#27;[32m&amp#27;[1m'rubuait525@gmail.com'&amp#27;[0m      &amp#27;[90m# stepDefination.LoginStepsDefination.student_enter_user_id_as(java.lang.String)&amp#27;[0m
  &amp#27;[32mAnd &amp#27;[0m&amp#27;[32mStudent enter Password as &amp#27;[0m&amp#27;[32m&amp#27;[1m'Password$1'&amp#27;[0m               &amp#27;[90m# stepDefination.LoginStepsDefination.student_enter_password_as(java.lang.String)&amp#27;[0m
  &amp#27;[32mAnd &amp#27;[0m&amp#27;[32mStudent finally click on Login Button&amp#27;[0m                &amp#27;[90m# stepDefination.LoginStepsDefination.student_finally_click_on_login_button()&amp#27;[0m
  &amp#27;[32mThen &amp#27;[0m&amp#27;[32mStudent will  be navigate to  the student dashboard&amp#27;[0m &amp#27;[90m# stepDefination.LoginStepsDefination.student_will_be_navigate_to_the_student_dashboard()&amp#27;[0m
]]></system-out>
  </testcase>
</testsuite>