<?xml version="1.0" encoding="UTF-8"?>
<testsuite name="Cucumber" time="116.105" tests="1" skipped="0" failures="1" errors="0">
<testcase classname="As a Student" name="" time="115.962">
<failure type="org.openqa.selenium.ElementNotInteractableException" message="element not interactable
  (Session info: MicrosoftEdge=133.0.3065.92)
Build info: version: '4.28.1', revision: '73f5ad48a2'
System info: os.name: 'Mac OS X', os.arch: 'x86_64', os.version: '13.7.1', java.version: '11.0.25'
Driver info: org.openqa.selenium.edge.EdgeDriver
Command: [638112f8946c33711fbf79af479a305f, clickElement {id=f.87CFE1F2A373348BAC794986A51C0D4F.d.DA192D632968B19E0D29DE46D1537D39.e.410}]
Capabilities {acceptInsecureCerts: false, browserName: MicrosoftEdge, browserVersion: 133.0.3065.92, fedcm:accounts: true, ms:edgeOptions: {debuggerAddress: localhost:50625}, msedge: {msedgedriverVersion: 132.0.2957.140 (a81e27b375d..., userDataDir: /var/folders/_4/7b11stnd6gz...}, networkConnectionEnabled: false, pageLoadStrategy: normal, platformName: mac, proxy: Proxy(), se:cdp: ws://localhost:50625/devtoo..., se:cdpVersion: 133.0.3065.92, setWindowRect: true, strictFileInteractability: false, timeouts: {implicit: 0, pageLoad: 300000, script: 30000}, unhandledPromptBehavior: dismiss and notify, webauthn:extension:credBlob: true, webauthn:extension:largeBlob: true, webauthn:extension:minPinLength: true, webauthn:extension:prf: true, webauthn:virtualAuthenticators: true}
Element: [[EdgeDriver: MicrosoftEdge on mac (638112f8946c33711fbf79af479a305f)] -&gt; xpath: //div[text()='Bengali']]
Session ID: 638112f8946c33711fbf79af479a305f">
<![CDATA[org.openqa.selenium.ElementNotInteractableException: element not interactable
  (Session info: MicrosoftEdge=133.0.3065.92)
Build info: version: '4.28.1', revision: '73f5ad48a2'
System info: os.name: 'Mac OS X', os.arch: 'x86_64', os.version: '13.7.1', java.version: '11.0.25'
Driver info: org.openqa.selenium.edge.EdgeDriver
Command: [638112f8946c33711fbf79af479a305f, clickElement {id=f.87CFE1F2A373348BAC794986A51C0D4F.d.DA192D632968B19E0D29DE46D1537D39.e.410}]
Capabilities {acceptInsecureCerts: false, browserName: MicrosoftEdge, browserVersion: 133.0.3065.92, fedcm:accounts: true, ms:edgeOptions: {debuggerAddress: localhost:50625}, msedge: {msedgedriverVersion: 132.0.2957.140 (a81e27b375d..., userDataDir: /var/folders/_4/7b11stnd6gz...}, networkConnectionEnabled: false, pageLoadStrategy: normal, platformName: mac, proxy: Proxy(), se:cdp: ws://localhost:50625/devtoo..., se:cdpVersion: 133.0.3065.92, setWindowRect: true, strictFileInteractability: false, timeouts: {implicit: 0, pageLoad: 300000, script: 30000}, unhandledPromptBehavior: dismiss and notify, webauthn:extension:credBlob: true, webauthn:extension:largeBlob: true, webauthn:extension:minPinLength: true, webauthn:extension:prf: true, webauthn:virtualAuthenticators: true}
Element: [[EdgeDriver: MicrosoftEdge on mac (638112f8946c33711fbf79af479a305f)] -> xpath: //div[text()='Bengali']]
Session ID: 638112f8946c33711fbf79af479a305f
	at java.base/jdk.internal.reflect.NativeConstructorAccessorImpl.newInstance0(Native Method)
	at java.base/jdk.internal.reflect.NativeConstructorAccessorImpl.newInstance(NativeConstructorAccessorImpl.java:62)
	at java.base/jdk.internal.reflect.DelegatingConstructorAccessorImpl.newInstance(DelegatingConstructorAccessorImpl.java:45)
	at java.base/java.lang.reflect.Constructor.newInstance(Constructor.java:490)
	at org.openqa.selenium.remote.ErrorCodec.decode(ErrorCodec.java:167)
	at org.openqa.selenium.remote.codec.w3c.W3CHttpResponseCodec.decode(W3CHttpResponseCodec.java:138)
	at org.openqa.selenium.remote.codec.w3c.W3CHttpResponseCodec.decode(W3CHttpResponseCodec.java:50)
	at org.openqa.selenium.remote.HttpCommandExecutor.execute(HttpCommandExecutor.java:215)
	at org.openqa.selenium.remote.service.DriverCommandExecutor.invokeExecute(DriverCommandExecutor.java:216)
	at org.openqa.selenium.remote.service.DriverCommandExecutor.execute(DriverCommandExecutor.java:174)
	at org.openqa.selenium.remote.RemoteWebDriver.execute(RemoteWebDriver.java:545)
	at org.openqa.selenium.remote.RemoteWebElement.execute(RemoteWebElement.java:223)
	at org.openqa.selenium.remote.RemoteWebElement.click(RemoteWebElement.java:76)
	at java.base/jdk.internal.reflect.NativeMethodAccessorImpl.invoke0(Native Method)
	at java.base/jdk.internal.reflect.NativeMethodAccessorImpl.invoke(NativeMethodAccessorImpl.java:62)
	at java.base/jdk.internal.reflect.DelegatingMethodAccessorImpl.invoke(DelegatingMethodAccessorImpl.java:43)
	at java.base/java.lang.reflect.Method.invoke(Method.java:566)
	at org.openqa.selenium.support.pagefactory.internal.LocatingElementHandler.invoke(LocatingElementHandler.java:51)
	at com.sun.proxy.$Proxy23.click(Unknown Source)
	at common.CommonActions.clickElement(CommonActions.java:103)
	at pages.Dashboard.primary_language_mousehover_validation_in_enroll_now(Dashboard.java:875)
	at stepDefination.DashboardStepsDefination.student_puting_value_in_each_field_to_enrollment_process(DashboardStepsDefination.java:27)
	at ✽.Student Puting value in each field to enrollment process(file:///Users/rubuait/eclipse-workspace/Enthrall_IT_Bdd_Framework/src/test/java/feature/dashboard.feature:18)
]]>
</failure>
<system-out><![CDATA[
Given Student is on the Enthrall IT Homepage URL............................passed
When Student Click On login button Student puting value in each field Click Login Button to navigate to Dashboard page.passed
And Student Click on Automation to navigate to Automation page..............passed
And Student Click Enroll Now to navigate to enroll home page................passed
And Student Puting value in each field to enrollment process................failed
And Student Double Click on Terms and Condition and select Accept...........skipped
Then Student Click Submit Button it will navigate to Successfull Page.......skipped
]]></system-out>
</testcase>
</testsuite>
