<?xml version="1.0" encoding="UTF-8"?>
<testsuite name="Cucumber" time="1.222" tests="6" skipped="0" failures="0" errors="0">
<testcase classname="Log In" name="Login with valid credentials" time="0.026">
<system-out><![CDATA[
Given Student is on the Enthrall IT Homepage URL............................passed
When Student click Login Button from the header.............................passed
Then Student will navigate to login page....................................passed
When Student enter Email in the Email field.................................passed
And Student enter Password in the Password field............................passed
And Student finally click on Login Button...................................passed
Then Student will  be navigate to  the student dashboard....................passed
]]></system-out>
</testcase>
<testcase classname="Log In" name="Login with fixed valid credentials" time="0.006">
<system-out><![CDATA[
Given Student is on the Enthrall IT Homepage URL............................passed
When Student click Login Button from the header.............................passed
Then Student will navigate to login page....................................passed
When Student enter UserId as 'rubuait525@gmail.com'.........................passed
And Student enter Password as 'Password$1'..................................passed
And Student finally click on Login Button...................................passed
Then Student will  be navigate to  the student dashboard....................passed
]]></system-out>
</testcase>
<testcase classname="Log In" name="Login with sets of valid credentials - #1.1" time="0.002">
<system-out><![CDATA[
Given Student is on the Enthrall IT Homepage URL............................passed
When Student click Login Button from the header.............................passed
Then Student will navigate to login page....................................passed
When Student enter UserId as 'mizimuktar0@gmail.com'........................passed
And Student enter Password as 'password$1'..................................passed
And Student finally click on Login Button...................................passed
Then Student will  be navigate to  the student dashboard....................passed
]]></system-out>
</testcase>
<testcase classname="Log In" name="Login with sets of valid credentials - #1.2" time="0.002">
<system-out><![CDATA[
Given Student is on the Enthrall IT Homepage URL............................passed
When Student click Login Button from the header.............................passed
Then Student will navigate to login page....................................passed
When Student enter UserId as 'ayshasiddqua26@gmail.com'.....................passed
And Student enter Password as 'Faizan2026#'.................................passed
And Student finally click on Login Button...................................passed
Then Student will  be navigate to  the student dashboard....................passed
]]></system-out>
</testcase>
<testcase classname="Log In" name="Login with sets of valid credentials - #1.3" time="0.002">
<system-out><![CDATA[
Given Student is on the Enthrall IT Homepage URL............................passed
When Student click Login Button from the header.............................passed
Then Student will navigate to login page....................................passed
When Student enter UserId as 'mariabegum2121'...............................passed
And Student enter Password as 'saimun388556Bd@'.............................passed
And Student finally click on Login Button...................................passed
Then Student will  be navigate to  the student dashboard....................passed
]]></system-out>
</testcase>
<testcase classname="Log In" name="Login with sets of valid credentials - #1.4" time="0.002">
<system-out><![CDATA[
Given Student is on the Enthrall IT Homepage URL............................passed
When Student click Login Button from the header.............................passed
Then Student will navigate to login page....................................passed
When Student enter UserId as 'rubuait525@gmail.com'.........................passed
And Student enter Password as 'Password$1'..................................passed
And Student finally click on Login Button...................................passed
Then Student will  be navigate to  the student dashboard....................passed
]]></system-out>
</testcase>
</testsuite>
